0 info it worked if it ends with ok
1 verbose cli [ 'E:\\node\\node.exe',
1 verbose cli   'E:\\node\\node_modules\\npm\\bin\\npm-cli.js',
1 verbose cli   'install',
1 verbose cli   '--save-dev',
1 verbose cli   'vue-drapload' ]
2 info using npm@2.15.5
3 info using node@v4.4.5
4 verbose install initial load of E:\www\svn\match\2.0\package.json
5 warn package.json vuetest@0.0.1 No repository field.
6 warn package.json vuetest@0.0.1 No README data
7 verbose installManyTop reading scoped package data from E:\www\svn\match\2.0\node_modules\babel\package.json
8 verbose installManyTop reading scoped package data from E:\www\svn\match\2.0\node_modules\babel-core\package.json
9 verbose installManyTop reading scoped package data from E:\www\svn\match\2.0\node_modules\babel-loader\package.json
10 verbose installManyTop reading scoped package data from E:\www\svn\match\2.0\node_modules\babel-plugin-transform-runtime\package.json
11 verbose installManyTop reading scoped package data from E:\www\svn\match\2.0\node_modules\babel-preset-es2015\package.json
12 verbose installManyTop reading scoped package data from E:\www\svn\match\2.0\node_modules\babel-runtime\package.json
13 verbose installManyTop reading scoped package data from E:\www\svn\match\2.0\node_modules\css-loader\package.json
14 verbose installManyTop reading scoped package data from E:\www\svn\match\2.0\node_modules\extract-text-webpack-plugin\package.json
15 verbose installManyTop reading scoped package data from E:\www\svn\match\2.0\node_modules\file-loader\package.json
16 verbose installManyTop reading scoped package data from E:\www\svn\match\2.0\node_modules\gulp\package.json
17 verbose installManyTop reading scoped package data from E:\www\svn\match\2.0\node_modules\gulp-clean\package.json
18 verbose installManyTop reading scoped package data from E:\www\svn\match\2.0\node_modules\gulp-concat\package.json
19 verbose installManyTop reading scoped package data from E:\www\svn\match\2.0\node_modules\gulp-header\package.json
20 verbose installManyTop reading scoped package data from E:\www\svn\match\2.0\node_modules\gulp-if\package.json
21 verbose installManyTop reading scoped package data from E:\www\svn\match\2.0\node_modules\gulp-minify-css\package.json
22 verbose installManyTop reading scoped package data from E:\www\svn\match\2.0\node_modules\gulp-rename\package.json
23 verbose installManyTop reading scoped package data from E:\www\svn\match\2.0\node_modules\gulp-rev-hash\package.json
24 verbose installManyTop reading scoped package data from E:\www\svn\match\2.0\node_modules\gulp-uglify\package.json
25 verbose installManyTop reading scoped package data from E:\www\svn\match\2.0\node_modules\gulp-util\package.json
26 verbose installManyTop reading scoped package data from E:\www\svn\match\2.0\node_modules\html-loader\package.json
27 verbose installManyTop reading scoped package data from E:\www\svn\match\2.0\node_modules\iscroll\package.json
28 verbose installManyTop reading scoped package data from E:\www\svn\match\2.0\node_modules\jquery\package.json
29 verbose installManyTop reading scoped package data from E:\www\svn\match\2.0\node_modules\minimist\package.json
30 verbose installManyTop reading scoped package data from E:\www\svn\match\2.0\node_modules\mockjs\package.json
31 verbose installManyTop reading scoped package data from E:\www\svn\match\2.0\node_modules\path\package.json
32 verbose installManyTop reading scoped package data from E:\www\svn\match\2.0\node_modules\style-loader\package.json
33 verbose installManyTop reading scoped package data from E:\www\svn\match\2.0\node_modules\url-loader\package.json
34 verbose installManyTop reading scoped package data from E:\www\svn\match\2.0\node_modules\vue\package.json
35 verbose installManyTop reading scoped package data from E:\www\svn\match\2.0\node_modules\vue-animated-list\package.json
36 verbose installManyTop reading scoped package data from E:\www\svn\match\2.0\node_modules\vue-awesome-swiper\package.json
37 verbose installManyTop reading scoped package data from E:\www\svn\match\2.0\node_modules\vue-devtools\package.json
38 verbose installManyTop reading scoped package data from E:\www\svn\match\2.0\node_modules\vue-hot-reload-api\package.json
39 verbose installManyTop reading scoped package data from E:\www\svn\match\2.0\node_modules\vue-html-loader\package.json
40 verbose installManyTop reading scoped package data from E:\www\svn\match\2.0\node_modules\vue-infinite-scroll\package.json
41 verbose installManyTop reading scoped package data from E:\www\svn\match\2.0\node_modules\vue-loader\package.json
42 verbose installManyTop reading scoped package data from E:\www\svn\match\2.0\node_modules\vue-resource\package.json
43 verbose installManyTop reading scoped package data from E:\www\svn\match\2.0\node_modules\vue-router\package.json
44 verbose installManyTop reading scoped package data from E:\www\svn\match\2.0\node_modules\vue-style-loader\package.json
45 verbose installManyTop reading scoped package data from E:\www\svn\match\2.0\node_modules\vuex\package.json
46 verbose installManyTop reading scoped package data from E:\www\svn\match\2.0\node_modules\webpack\package.json
47 verbose installManyTop reading scoped package data from E:\www\svn\match\2.0\node_modules\webpack-stream\package.json
48 info package.json gulp-minify-css@1.2.4 No repository field.
49 info package.json gulp-rename@1.2.2 No license field.
50 info package.json path@0.12.7 path is also the name of a node core module.
51 info package.json vue-html-loader@1.2.3 No license field.
52 info package.json mockjs@1.0.1-beta3 No license field.
53 verbose readDependencies loading dependencies from E:\www\svn\match\2.0\package.json
54 silly cache add args [ 'vue-drapload', null ]
55 verbose cache add spec vue-drapload
56 silly cache add parsed spec Result {
56 silly cache add   raw: 'vue-drapload',
56 silly cache add   scope: null,
56 silly cache add   name: 'vue-drapload',
56 silly cache add   rawSpec: '',
56 silly cache add   spec: 'latest',
56 silly cache add   type: 'tag' }
57 silly addNamed vue-drapload@latest
58 verbose addNamed "latest" is being treated as a dist-tag for vue-drapload
59 info addNameTag [ 'vue-drapload', 'latest' ]
60 silly mapToRegistry name vue-drapload
61 silly mapToRegistry using default registry
62 silly mapToRegistry registry https://registry.npmjs.org/
63 silly mapToRegistry data Result {
63 silly mapToRegistry   raw: 'vue-drapload',
63 silly mapToRegistry   scope: null,
63 silly mapToRegistry   name: 'vue-drapload',
63 silly mapToRegistry   rawSpec: '',
63 silly mapToRegistry   spec: 'latest',
63 silly mapToRegistry   type: 'tag' }
64 silly mapToRegistry uri https://registry.npmjs.org/vue-drapload
65 verbose addNameTag registry:https://registry.npmjs.org/vue-drapload not in flight; fetching
66 verbose request uri https://registry.npmjs.org/vue-drapload
67 verbose request no auth needed
68 info attempt registry request try #1 at 12:11:10
69 verbose request id 19d75c0908f12dd4
70 http request GET https://registry.npmjs.org/vue-drapload
71 http 200 https://registry.npmjs.org/vue-drapload
72 verbose headers { server: 'nginx/1.10.1',
72 verbose headers   'content-type': 'application/json',
72 verbose headers   'last-modified': 'Mon, 24 Oct 2016 03:58:03 GMT',
72 verbose headers   etag: 'W/"580d86cb-45bb"',
72 verbose headers   'content-encoding': 'gzip',
72 verbose headers   'cache-control': 'max-age=300',
72 verbose headers   'content-length': '3997',
72 verbose headers   'accept-ranges': 'bytes',
72 verbose headers   date: 'Sat, 19 Nov 2016 04:11:13 GMT',
72 verbose headers   via: '1.1 varnish',
72 verbose headers   age: '0',
72 verbose headers   connection: 'keep-alive',
72 verbose headers   'x-served-by': 'cache-lcy1142-LCY',
72 verbose headers   'x-cache': 'MISS',
72 verbose headers   'x-cache-hits': '0',
72 verbose headers   'x-timer': 'S1479528673.148479,VS0,VE29',
72 verbose headers   vary: 'Accept-Encoding' }
73 silly get cb [ 200,
73 silly get   { server: 'nginx/1.10.1',
73 silly get     'content-type': 'application/json',
73 silly get     'last-modified': 'Mon, 24 Oct 2016 03:58:03 GMT',
73 silly get     etag: 'W/"580d86cb-45bb"',
73 silly get     'content-encoding': 'gzip',
73 silly get     'cache-control': 'max-age=300',
73 silly get     'content-length': '3997',
73 silly get     'accept-ranges': 'bytes',
73 silly get     date: 'Sat, 19 Nov 2016 04:11:13 GMT',
73 silly get     via: '1.1 varnish',
73 silly get     age: '0',
73 silly get     connection: 'keep-alive',
73 silly get     'x-served-by': 'cache-lcy1142-LCY',
73 silly get     'x-cache': 'MISS',
73 silly get     'x-cache-hits': '0',
73 silly get     'x-timer': 'S1479528673.148479,VS0,VE29',
73 silly get     vary: 'Accept-Encoding' } ]
74 verbose get saving vue-drapload to C:\Users\Administrator\AppData\Roaming\npm-cache\registry.npmjs.org\vue-drapload\.cache.json
75 verbose correctMkdir C:\Users\Administrator\AppData\Roaming\npm-cache correctMkdir not in flight; initializing
76 silly addNameTag next cb for vue-drapload with tag latest
77 silly addNamed vue-drapload@0.1.12
78 verbose addNamed "0.1.12" is a plain semver version for vue-drapload
79 silly mapToRegistry name vue-drapload
80 silly mapToRegistry using default registry
81 silly mapToRegistry registry https://registry.npmjs.org/
82 silly mapToRegistry data Result {
82 silly mapToRegistry   raw: 'vue-drapload',
82 silly mapToRegistry   scope: null,
82 silly mapToRegistry   name: 'vue-drapload',
82 silly mapToRegistry   rawSpec: '',
82 silly mapToRegistry   spec: 'latest',
82 silly mapToRegistry   type: 'tag' }
83 silly mapToRegistry uri https://registry.npmjs.org/vue-drapload
84 verbose addRemoteTarball https://registry.npmjs.org/vue-drapload/-/vue-drapload-0.1.12.tgz not in flight; adding
85 verbose addRemoteTarball [ 'https://registry.npmjs.org/vue-drapload/-/vue-drapload-0.1.12.tgz',
85 verbose addRemoteTarball   '912e84f4b8a2515bf7c6fd1eca49fe964f602d1d' ]
86 info retry fetch attempt 1 at 12:11:14
87 info attempt registry request try #1 at 12:11:14
88 http fetch GET https://registry.npmjs.org/vue-drapload/-/vue-drapload-0.1.12.tgz
89 http fetch 200 https://registry.npmjs.org/vue-drapload/-/vue-drapload-0.1.12.tgz
90 silly fetchAndShaCheck shasum 912e84f4b8a2515bf7c6fd1eca49fe964f602d1d
91 verbose addTmpTarball C:\Users\ADMINI~1\AppData\Local\Temp\npm-6256-486b06b9\registry.npmjs.org\vue-drapload\-\vue-drapload-0.1.12.tgz not in flight; adding
92 verbose addTmpTarball already have metadata; skipping unpack for vue-drapload@0.1.12
93 verbose correctMkdir C:\Users\Administrator\AppData\Roaming\npm-cache correctMkdir not in flight; initializing
94 silly cache afterAdd vue-drapload@0.1.12
95 verbose afterAdd C:\Users\Administrator\AppData\Roaming\npm-cache\vue-drapload\0.1.12\package\package.json not in flight; writing
96 verbose correctMkdir C:\Users\Administrator\AppData\Roaming\npm-cache correctMkdir not in flight; initializing
97 verbose afterAdd C:\Users\Administrator\AppData\Roaming\npm-cache\vue-drapload\0.1.12\package\package.json written
98 silly install resolved [ { name: 'vue-drapload',
98 silly install resolved     version: '0.1.12',
98 silly install resolved     description: 'one vue plug for resolve pull-to-refresh and load more data',
98 silly install resolved     main: 'src/index.js',
98 silly install resolved     directories: { example: 'example' },
98 silly install resolved     scripts: { test: 'make test' },
98 silly install resolved     repository:
98 silly install resolved      { type: 'git',
98 silly install resolved        url: 'git+ssh://git@github.com/jy03078959/vue-drapload.git' },
98 silly install resolved     keywords:
98 silly install resolved      [ 'vue',
98 silly install resolved        'vue-scroll',
98 silly install resolved        'vue-infinite-scroll',
98 silly install resolved        'vue-drapload',
98 silly install resolved        'vue-load-more' ],
98 silly install resolved     author: { name: 'stone' },
98 silly install resolved     license: 'MIT',
98 silly install resolved     bugs: { url: 'https://github.com/jy03078959/vue-drapload/issues' },
98 silly install resolved     homepage: 'https://github.com/jy03078959/vue-drapload',
98 silly install resolved     gitHead: 'dc01aae83ed960972f1cada5d2f32b80330666e8',
98 silly install resolved     _id: 'vue-drapload@0.1.12',
98 silly install resolved     _shasum: '912e84f4b8a2515bf7c6fd1eca49fe964f602d1d',
98 silly install resolved     _from: 'vue-drapload@latest',
98 silly install resolved     _npmVersion: '3.6.0',
98 silly install resolved     _nodeVersion: '5.6.0',
98 silly install resolved     _npmUser: { name: 'waitstone', email: '258137678@qq.com' },
98 silly install resolved     dist:
98 silly install resolved      { shasum: '912e84f4b8a2515bf7c6fd1eca49fe964f602d1d',
98 silly install resolved        tarball: 'https://registry.npmjs.org/vue-drapload/-/vue-drapload-0.1.12.tgz' },
98 silly install resolved     maintainers: [ [Object] ],
98 silly install resolved     _npmOperationalInternal:
98 silly install resolved      { host: 'packages-12-west.internal.npmjs.com',
98 silly install resolved        tmp: 'tmp/vue-drapload-0.1.12.tgz_1477281481748_0.055939051089808345' },
98 silly install resolved     _resolved: 'https://registry.npmjs.org/vue-drapload/-/vue-drapload-0.1.12.tgz' } ]
99 info install vue-drapload@0.1.12 into E:\www\svn\match\2.0
100 info installOne vue-drapload@0.1.12
101 verbose installOne of vue-drapload to E:\www\svn\match\2.0 not in flight; installing
102 verbose correctMkdir C:\Users\Administrator\AppData\Roaming\npm-cache\_locks correctMkdir not in flight; initializing
103 verbose lock using C:\Users\Administrator\AppData\Roaming\npm-cache\_locks\vue-drapload-c2490af5bd850d23.lock for E:\www\svn\match\2.0\node_modules\vue-drapload
104 silly install write writing vue-drapload 0.1.12 to E:\www\svn\match\2.0\node_modules\vue-drapload
105 verbose unbuild node_modules\vue-drapload
106 silly gentlyRm E:\www\svn\match\2.0\node_modules\vue-drapload is being purged from base E:\www\svn\match\2.0
107 verbose gentlyRm don't care about contents; nuking E:\www\svn\match\2.0\node_modules\vue-drapload
108 verbose tar unpack C:\Users\Administrator\AppData\Roaming\npm-cache\vue-drapload\0.1.12\package.tgz
109 verbose tar unpacking to E:\www\svn\match\2.0\node_modules\vue-drapload
110 silly gentlyRm E:\www\svn\match\2.0\node_modules\vue-drapload is being purged
111 verbose gentlyRm don't care about contents; nuking E:\www\svn\match\2.0\node_modules\vue-drapload
112 silly gunzTarPerm modes [ '777', '666' ]
113 silly gunzTarPerm extractEntry package.json
114 silly gunzTarPerm modified mode [ 'package.json', 420, 438 ]
115 silly gunzTarPerm extractEntry README.md
116 silly gunzTarPerm modified mode [ 'README.md', 420, 438 ]
117 silly gunzTarPerm extractEntry LICENSE
118 silly gunzTarPerm modified mode [ 'LICENSE', 420, 438 ]
119 silly gunzTarPerm extractEntry .idea/encodings.xml
120 silly gunzTarPerm modified mode [ '.idea/encodings.xml', 420, 438 ]
121 silly gunzTarPerm extractEntry .idea/jsLibraryMappings.xml
122 silly gunzTarPerm modified mode [ '.idea/jsLibraryMappings.xml', 420, 438 ]
123 silly gunzTarPerm extractEntry .idea/misc.xml
124 silly gunzTarPerm modified mode [ '.idea/misc.xml', 420, 438 ]
125 silly gunzTarPerm extractEntry .idea/modules.xml
126 silly gunzTarPerm modified mode [ '.idea/modules.xml', 420, 438 ]
127 silly gunzTarPerm extractEntry .idea/vcs.xml
128 silly gunzTarPerm modified mode [ '.idea/vcs.xml', 420, 438 ]
129 silly gunzTarPerm extractEntry .idea/vue-drapload.iml
130 silly gunzTarPerm modified mode [ '.idea/vue-drapload.iml', 420, 438 ]
131 silly gunzTarPerm extractEntry .idea/watcherTasks.xml
132 silly gunzTarPerm modified mode [ '.idea/watcherTasks.xml', 420, 438 ]
133 silly gunzTarPerm extractEntry .idea/workspace.xml
134 silly gunzTarPerm modified mode [ '.idea/workspace.xml', 420, 438 ]
135 silly gunzTarPerm extractEntry example/base.html
136 silly gunzTarPerm modified mode [ 'example/base.html', 420, 438 ]
137 silly gunzTarPerm extractEntry example/config.html
138 silly gunzTarPerm modified mode [ 'example/config.html', 420, 438 ]
139 silly gunzTarPerm extractEntry example/css/css.css
140 silly gunzTarPerm modified mode [ 'example/css/css.css', 420, 438 ]
141 silly gunzTarPerm extractEntry example/index.html
142 silly gunzTarPerm modified mode [ 'example/index.html', 420, 438 ]
143 silly gunzTarPerm extractEntry example/js/jquery.js
144 silly gunzTarPerm modified mode [ 'example/js/jquery.js', 420, 438 ]
145 silly gunzTarPerm extractEntry example/js/vue.js
146 silly gunzTarPerm modified mode [ 'example/js/vue.js', 420, 438 ]
147 silly gunzTarPerm extractEntry src/index.js
148 silly gunzTarPerm modified mode [ 'src/index.js', 420, 438 ]
149 verbose write writing to E:\www\svn\match\2.0\node_modules\vue-drapload\package.json
150 info preinstall vue-drapload@0.1.12
151 verbose readDependencies loading dependencies from E:\www\svn\match\2.0\node_modules\vue-drapload\package.json
152 verbose readDependencies loading dependencies from E:\www\svn\match\2.0\node_modules\vue-drapload\package.json
153 silly install resolved []
154 verbose about to build E:\www\svn\match\2.0\node_modules\vue-drapload
155 info build E:\www\svn\match\2.0\node_modules\vue-drapload
156 info linkStuff vue-drapload@0.1.12
157 silly linkStuff vue-drapload@0.1.12 has E:\www\svn\match\2.0\node_modules as its parent node_modules
158 verbose linkBins vue-drapload@0.1.12
159 verbose linkMans vue-drapload@0.1.12
160 verbose rebuildBundles vue-drapload@0.1.12
161 info install vue-drapload@0.1.12
162 info postinstall vue-drapload@0.1.12
163 verbose unlock done using C:\Users\Administrator\AppData\Roaming\npm-cache\_locks\vue-drapload-c2490af5bd850d23.lock for E:\www\svn\match\2.0\node_modules\vue-drapload
164 verbose validateInstall loading E:\www\svn\match\2.0\package.json for validation
165 verbose stack Error: The package vue-hot-reload-api@2.0.6 does not satisfy its siblings' peerDependencies requirements!
165 verbose stack     at E:\node\node_modules\npm\lib\install.js:125:32
165 verbose stack     at E:\node\node_modules\npm\lib\install.js:268:7
165 verbose stack     at E:\node\node_modules\npm\node_modules\read-installed\read-installed.js:142:5
165 verbose stack     at E:\node\node_modules\npm\node_modules\read-installed\read-installed.js:263:14
165 verbose stack     at cb (E:\node\node_modules\npm\node_modules\slide\lib\async-map.js:47:24)
165 verbose stack     at E:\node\node_modules\npm\node_modules\read-installed\read-installed.js:263:14
165 verbose stack     at cb (E:\node\node_modules\npm\node_modules\slide\lib\async-map.js:47:24)
165 verbose stack     at E:\node\node_modules\npm\node_modules\read-installed\read-installed.js:263:14
165 verbose stack     at cb (E:\node\node_modules\npm\node_modules\slide\lib\async-map.js:47:24)
165 verbose stack     at E:\node\node_modules\npm\node_modules\read-installed\read-installed.js:263:14
166 verbose cwd E:\www\svn\match\2.0
167 error Windows_NT 6.1.7601
168 error argv "E:\\node\\node.exe" "E:\\node\\node_modules\\npm\\bin\\npm-cli.js" "install" "--save-dev" "vue-drapload"
169 error node v4.4.5
170 error npm  v2.15.5
171 error code EPEERINVALID
172 error peerinvalid The package vue-hot-reload-api@2.0.6 does not satisfy its siblings' peerDependencies requirements!
172 error peerinvalid Peer vue-loader@8.5.4 wants vue-hot-reload-api@^1.2.0
173 verbose exit [ 1, true ]
